remote: Updated 227 paths from 709e644        
remote: Compressing source files... done.        
remote: Building source:        
remote: 
remote: -----> Building on the Heroku-24 stack        
remote: -----> Deleting 94 files matching .slugignore patterns.        
remote: -----> Using buildpack: heroku/nodejs        
remote: -----> Node.js app detected        
remote:                
remote: -----> Creating runtime environment        
remote:                
remote:        NPM_CONFIG_LOGLEVEL=error        
remote:        NODE_VERBOSE=false        
remote:        NODE_ENV=production        
remote:        NODE_MODULES_CACHE=true        
remote:                
remote: -----> Installing binaries        
remote:        engines.node (package.json):   22.x        
remote:        engines.npm (package.json):    10.x        
remote:                
remote:        Resolving node version 22.x...        
remote:        Downloading and installing node 22.21.1...        
remote:        Validating checksum        
remote:        Bootstrapping npm 10.x (replacing 10.9.4)...        
remote:        npm 10.9.4 installed        
remote:                
remote: -----> Installing dependencies        
remote:        Installing node modules        
remote:                
remote:        added 325 packages, and audited 326 packages in 4s        
remote:                
remote:        57 packages are looking for funding        
remote:          run `npm fund` for details        
remote:                
remote:        1 high severity vulnerability        
remote:                
remote:        To address all issues, run:        
remote:          npm audit fix        
remote:                
remote:        Run `npm audit` for details.        
remote:        npm notice        
remote:        npm notice New major version of npm available! 10.9.4 -> 11.7.0        
remote:        npm notice Changelog: https://github.com/npm/cli/releases/tag/v11.7.0        
remote:        npm notice To update run: npm install -g npm@11.7.0        
remote:        npm notice        
remote:                
remote: -----> Build        
remote:        Detected both "build" and "heroku-postbuild" scripts        
remote:        Running heroku-postbuild        
remote:                
remote:        > whynot@1.0.0 heroku-postbuild        
remote:        > npm run build        
remote:                
remote:                
remote:        > whynot@1.0.0 build        
remote:        > npm run build:server && npm run build:client        
remote:                
remote:                
remote:        > whynot@1.0.0 build:server        
remote:        > tsc        
remote:                
remote:        Version 5.9.3        
remote:        tsc: The TypeScript Compiler - Version 5.9.3        
remote:                
remote:        COMMON COMMANDS        
remote:                
remote:          tsc        
remote:          Compiles the current project (tsconfig.json in the working directory.)        
remote:                
remote:          tsc app.ts util.ts        
remote:          Ignoring tsconfig.json, compiles the specified files with default compiler options.        
remote:                
remote:          tsc -b        
remote:          Build a composite project in the working directory.        
remote:                
remote:          tsc --init        
remote:          Creates a tsconfig.json with the recommended settings in the working directory.        
remote:                
remote:          tsc -p ./path/to/tsconfig.json        
remote:          Compiles the TypeScript project located at the specified path.        
remote:                
remote:          tsc --help --all        
remote:          An expanded version of this information, showing all possible compiler options        
remote:                
remote:          tsc --noEmit        
remote:          tsc --target esnext        
remote:          Compiles the current project, with additional settings.        
remote:                
remote:        COMMAND LINE FLAGS        
remote:                
remote:        --help, -h        
remote:        Print this message.        
remote:                
remote:        --watch, -w        
remote:        Watch input files.        
remote:                
remote:        --all        
remote:        Show all compiler options.        
remote:                
remote:        --version, -v        
remote:        Print the compiler's version.        
remote:                
remote:        --init        
remote:        Initializes a TypeScript project and creates a tsconfig.json file.        
remote:                
remote:        --project, -p        
remote:        Compile the project given the path to its configuration file, or to a folder with a 'tsconfig.json'.        
remote:                
remote:        --showConfig        
remote:        Print the final configuration instead of building.        
remote:                
remote:        --build, -b        
remote:        Build one or more projects and their dependencies, if out of date        
remote:                
remote:        COMMON COMPILER OPTIONS        
remote:                
remote:        --pretty        
remote:        Enable color and formatting in TypeScript's output to make compiler errors easier to read.        
remote:        type: boolean        
remote:        default: true        
remote:                
remote:        --declaration, -d        
remote:        Generate .d.ts files from TypeScript and JavaScript files in your project.        
remote:        type: boolean        
remote:        default: `false`, unless `composite` is set        
remote:                
remote:        --declarationMap        
remote:        Create sourcemaps for d.ts files.        
remote:        type: boolean        
remote:        default: false        
remote:                
remote:        --emitDeclarationOnly        
remote:        Only output d.ts files and not JavaScript files.        
remote:        type: boolean        
remote:        default: false        
remote:                
remote:        --sourceMap        
remote:        Create source map files for emitted JavaScript files.        
remote:        type: boolean        
remote:        default: false        
remote:                
remote:        --noEmit        
remote:        Disable emitting files from a compilation.        
remote:        type: boolean        
remote:        default: false        
remote:                
remote:        --target, -t        
remote:        Set the JavaScript language version for emitted JavaScript and include compatible library declarations.        
remote:        one of: es5, es6/es2015, es2016, es2017, es2018, es2019, es2020, es2021, es2022, es2023, es2024, esnext        
remote:        default: es5        
remote:                
remote:        --module, -m        
remote:        Specify what module code is generated.        
remote:        one of: none, commonjs, amd, umd, system, es6/es2015, es2020, es2022, esnext, node16, node18, node20, nodenext, preserve        
remote:        default: undefined        
remote:                
remote:        --lib        
remote:        Specify a set of bundled library declaration files that describe the target runtime environment.        
remote:        one or more: es5, es6/es2015, es7/es2016, es2017, es2018, es2019, es2020, es2021, es2022, es2023, es2024, esnext, dom, dom.iterable, dom.asynciterable, webworker, webworker.importscripts, webworker.iterable, webworker.asynciterable, scripthost, es2015.core, es2015.collection, es2015.generator, es2015.iterable, es2015.promise, es2015.proxy, es2015.reflect, es2015.symbol, es2015.symbol.wellknown, es2016.array.include, es2016.intl, es2017.arraybuffer, es2017.date, es2017.object, es2017.sharedmemory, es2017.string, es2017.intl, es2017.typedarrays, es2018.asyncgenerator, es2018.asynciterable/esnext.asynciterable, es2018.intl, es2018.promise, es2018.regexp, es2019.array, es2019.object, es2019.string, es2019.symbol/esnext.symbol, es2019.intl, es2020.bigint/esnext.bigint, es2020.date, es2020.promise, es2020.sharedmemory, es2020.string, es2020.symbol.wellknown, es2020.intl, es2020.number, es2021.promise, es2021.string, es2021.weakref/esnext.weakref, es2021.intl, es2022.array, es2022.error, es2022.intl, es2022.object, es2022.string, es2022.regexp, es2023.array, es2023.collection, es2023.intl, es2024.arraybuffer, es2024.collection, es2024.object/esnext.object, es2024.promise, es2024.regexp/esnext.regexp, es2024.sharedmemory, es2024.string/esnext.string, esnext.array, esnext.collection, esnext.intl, esnext.disposable, esnext.promise, esnext.decorators, esnext.iterator, esnext.float16, esnext.error, esnext.sharedmemory, decorators, decorators.legacy        
remote:        default: undefined        
remote:                
remote:        --allowJs        
remote:        Allow JavaScript files to be a part of your program. Use the 'checkJs' option to get errors from these files.        
remote:        type: boolean        
remote:        default: false        
remote:                
remote:        --checkJs        
remote:        Enable error reporting in type-checked JavaScript files.        
remote:        type: boolean        
remote:        default: false        
remote:                
remote:        --jsx        
remote:        Specify what JSX code is generated.        
remote:        one of: preserve, react, react-native, react-jsx, react-jsxdev        
remote:        default: undefined        
remote:                
remote:        --outFile        
remote:        Specify a file that bundles all outputs into one JavaScript file. If 'declaration' is true, also designates a file that bundles all .d.ts output.        
remote:                
remote:        --outDir        
remote:        Specify an output folder for all emitted files.        
remote:                
remote:        --removeComments        
remote:        Disable emitting comments.        
remote:        type: boolean        
remote:        default: false        
remote:                
remote:        --strict        
remote:        Enable all strict type-checking options.        
remote:        type: boolean        
remote:        default: false        
remote:                
remote:        --types        
remote:        Specify type package names to be included without being referenced in a source file.        
remote:                
remote:        --esModuleInterop        
remote:        Emit additional JavaScript to ease support for importing CommonJS modules. This enables 'allowSyntheticDefaultImports' for type compatibility.        
remote:        type: boolean        
remote:        default: false        
remote:                
remote:        You can learn about all of the compiler options at https://aka.ms/tsc        
remote:                
remote: 
remote: -----> Build failed        
remote:                
remote:        We're sorry this build is failing! You can troubleshoot common issues here:        
remote:        https://devcenter.heroku.com/articles/troubleshooting-node-deploys        
remote:                
remote:        If you're stuck, please submit a ticket so we can help:        
remote:        https://help.heroku.com/        
remote:                
remote:        Love,        
remote:        Heroku        
remote:                
remote:  !     Push rejected, failed to compile Node.js app.        
remote: 
remote:  !     Push failed        
remote: Verifying deploy...        
remote: 
remote: !	Push rejected to whynot-frederic.        
remote: 
To https://git.heroku.com/whynot-frederic.git
 ! [remote rejected] main -> main (pre-receive hook declined)
error: failed to push some refs to 'https://git.heroku.com/whynot-frederic.git'
